This file contains any messages produced by compilers while
running configure, to aid debugging if configure makes a mistake.

It was created by libltdl configure 2.4.3a, which was
generated by GNU Autoconf 2.69.  Invocation command line was

  $ ./configure --disable-option-checking --prefix=/usr/local --cache-file=/dev/null --srcdir=.

## --------- ##
## Platform. ##
## --------- ##

hostname = hul
uname -m = x86_64
uname -r = 3.13.0-35-generic
uname -s = Linux
uname -v = #62-Ubuntu SMP Fri Aug 15 01:58:42 UTC 2014

/usr/bin/uname -p = unknown
/bin/uname -X     = unknown

/bin/arch              = unknown
/usr/bin/arch -k       = unknown
/usr/convex/getsysinfo = unknown
/usr/bin/hostinfo      = unknown
/bin/machine           = unknown
/usr/bin/oslevel       = unknown
/bin/universe          = unknown

PATH: /home/nick/google-cloud-sdk/bin
PATH: /usr/local/sbin
PATH: /usr/local/bin
PATH: /usr/sbin
PATH: /usr/bin
PATH: /sbin
PATH: /bin
PATH: /usr/games
PATH: /usr/local/games
PATH: /usr/local/hadoop/bin


## ----------- ##
## Core tests. ##
## ----------- ##

configure:2299: checking for a BSD-compatible install
configure:2367: result: /usr/bin/install -c
configure:2378: checking whether build environment is sane
configure:2433: result: yes
configure:2584: checking for a thread-safe mkdir -p
configure:2623: result: /bin/mkdir -p
configure:2630: checking for gawk
configure:2646: found /usr/bin/gawk
configure:2657: result: gawk
configure:2668: checking whether make sets $(MAKE)
configure:2690: result: yes
configure:2719: checking whether make supports nested variables
configure:2736: result: yes
configure:2873: checking whether make supports nested variables
configure:2890: result: yes
configure:2941: checking build system type
configure:2955: result: x86_64-unknown-linux-gnu
configure:2975: checking host system type
configure:2988: result: x86_64-unknown-linux-gnu
configure:3029: checking how to print strings
configure:3056: result: printf
configure:3089: checking for style of include used by make
configure:3117: result: GNU
configure:3188: checking for gcc
configure:3204: found /usr/bin/gcc
configure:3215: result: gcc
configure:3444: checking for C compiler version
configure:3453: gcc --version >&5
gcc-4.8.real (Ubuntu 4.8.5-2ubuntu1~14.04.1) 4.8.5
Copyright (C) 2015 Free Software Foundation, Inc.
This is free software; see the source for copying conditions.  There is NO
warranty; not even for MERCHANTABILITY or FITNESS FOR A PARTICULAR PURPOSE.

configure:3464: $? = 0
configure:3453: gcc -v >&5
Using built-in specs.
COLLECT_GCC=/usr/bin/gcc-4.8.real
COLLECT_LTO_WRAPPER=/usr/lib/gcc/x86_64-linux-gnu/4.8/lto-wrapper
Target: x86_64-linux-gnu
Configured with: ../src/configure -v --with-pkgversion='Ubuntu 4.8.5-2ubuntu1~14.04.1' --with-bugurl=file:///usr/share/doc/gcc-4.8/README.Bugs --enable-languages=c,c++,java,go,d,fortran,objc,obj-c++ --prefix=/usr --program-suffix=-4.8 --enable-shared --enable-linker-build-id --libexecdir=/usr/lib --without-included-gettext --enable-threads=posix --with-gxx-include-dir=/usr/include/c++/4.8 --libdir=/usr/lib --enable-nls --with-sysroot=/ --enable-clocale=gnu --enable-libstdcxx-debug --enable-libstdcxx-time=yes --enable-gnu-unique-object --disable-libmudflap --enable-plugin --with-system-zlib --disable-browser-plugin --enable-java-awt=gtk --enable-gtk-cairo --with-java-home=/usr/lib/jvm/java-1.5.0-gcj-4.8-amd64/jre --enable-java-home --with-jvm-root-dir=/usr/lib/jvm/java-1.5.0-gcj-4.8-amd64 --with-jvm-jar-dir=/usr/lib/jvm-exports/java-1.5.0-gcj-4.8-amd64 --with-arch-directory=amd64 --with-ecj-jar=/usr/share/java/eclipse-ecj.jar --enable-objc-gc --enable-multiarch --disable-werror --with-arch-32=i686 --with-abi=m64 --with-multilib-list=m32,m64,mx32 --with-tune=generic --enable-checking=release --build=x86_64-linux-gnu --host=x86_64-linux-gnu --target=x86_64-linux-gnu
Thread model: posix
gcc version 4.8.5 (Ubuntu 4.8.5-2ubuntu1~14.04.1) 
configure:3464: $? = 0
configure:3453: gcc -V >&5
gcc-4.8.real: error: unrecognized command line option '-V'
gcc-4.8.real: fatal error: no input files
compilation terminated.
configure:3464: $? = 4
configure:3453: gcc -qversion >&5
gcc-4.8.real: error: unrecognized command line option '-qversion'
gcc-4.8.real: fatal error: no input files
compilation terminated.
configure:3464: $? = 4
configure:3484: checking whether the C compiler works
configure:3506: gcc    conftest.c  >&5
configure:3510: $? = 0
configure:3558: result: yes
configure:3561: checking for C compiler default output file name
configure:3563: result: a.out
configure:3569: checking for suffix of executables
configure:3576: gcc -o conftest    conftest.c  >&5
configure:3580: $? = 0
configure:3602: result: 
configure:3624: checking whether we are cross compiling
configure:3632: gcc -o conftest    conftest.c  >&5
configure:3636: $? = 0
configure:3643: ./conftest
configure:3647: $? = 0
configure:3662: result: no
configure:3667: checking for suffix of object files
configure:3689: gcc -c   conftest.c >&5
configure:3693: $? = 0
configure:3714: result: o
configure:3718: checking whether we are using the GNU C compiler
configure:3737: gcc -c   conftest.c >&5
configure:3737: $? = 0
configure:3746: result: yes
configure:3755: checking whether gcc accepts -g
configure:3775: gcc -c -g  conftest.c >&5
configure:3775: $? = 0
configure:3816: result: yes
configure:3833: checking for gcc option to accept ISO C89
configure:3896: gcc  -c -g -O2  conftest.c >&5
configure:3896: $? = 0
configure:3909: result: none needed
configure:3934: checking whether gcc understands -c and -o together
configure:3956: gcc -c conftest.c -o conftest2.o
configure:3959: $? = 0
configure:3956: gcc -c conftest.c -o conftest2.o
configure:3959: $? = 0
configure:3971: result: yes
configure:3990: checking dependency style of gcc
configure:4101: result: gcc3
configure:4116: checking for a sed that does not truncate output
configure:4180: result: /bin/sed
configure:4198: checking for grep that handles long lines and -e
configure:4256: result: /bin/grep
configure:4261: checking for egrep
configure:4323: result: /bin/grep -E
configure:4328: checking for fgrep
configure:4390: result: /bin/grep -F
configure:4425: checking for ld used by gcc
configure:4492: result: /usr/bin/ld
configure:4499: checking if the linker (/usr/bin/ld) is GNU ld
configure:4514: result: yes
configure:4526: checking for BSD- or MS-compatible name lister (nm)
configure:4580: result: /usr/bin/nm -B
configure:4710: checking the name lister (/usr/bin/nm -B) interface
configure:4717: gcc -c -g -O2  conftest.c >&5
configure:4720: /usr/bin/nm -B "conftest.o"
configure:4723: output
0000000000000000 B some_variable
configure:4730: result: BSD nm
configure:4733: checking whether ln -s works
configure:4737: result: yes
configure:4745: checking the maximum length of command line arguments
configure:4876: result: 1572864
configure:4924: checking how to convert x86_64-unknown-linux-gnu file names to x86_64-unknown-linux-gnu format
configure:4964: result: func_convert_file_noop
configure:4971: checking how to convert x86_64-unknown-linux-gnu file names to toolchain format
configure:4991: result: func_convert_file_noop
configure:4998: checking for /usr/bin/ld option to reload object files
configure:5005: result: -r
configure:5079: checking for objdump
configure:5095: found /usr/bin/objdump
configure:5106: result: objdump
configure:5135: checking how to recognize dependent libraries
configure:5335: result: pass_all
configure:5420: checking for dlltool
configure:5450: result: no
configure:5477: checking how to associate runtime and link libraries
configure:5504: result: printf %s\n
configure:5565: checking for ar
configure:5581: found /usr/bin/ar
configure:5592: result: ar
configure:5629: checking for archiver @FILE support
configure:5646: gcc -c -g -O2  conftest.c >&5
configure:5646: $? = 0
configure:5649: ar cru libconftest.a @conftest.lst >&5
configure:5652: $? = 0
configure:5657: ar cru libconftest.a @conftest.lst >&5
ar: conftest.o: No such file or directory
configure:5660: $? = 1
configure:5672: result: @
configure:5730: checking for strip
configure:5746: found /usr/bin/strip
configure:5757: result: strip
configure:5829: checking for ranlib
configure:5845: found /usr/bin/ranlib
configure:5856: result: ranlib
configure:5958: checking command to parse /usr/bin/nm -B output from gcc object
configure:6111: gcc -c -g -O2  conftest.c >&5
configure:6114: $? = 0
configure:6118: /usr/bin/nm -B conftest.o \| sed -n -e 's/^.*[ ]\([ABCDGIRSTW][ABCDGIRSTW]*\)[ ][ ]*\([_A-Za-z][_A-Za-z0-9]*\)$/\1 \2 \2/p' | sed '/ __gnu_lto/d' \> conftest.nm
configure:6121: $? = 0
configure:6187: gcc -o conftest -g -O2   conftest.c conftstm.o >&5
configure:6190: $? = 0
configure:6228: result: ok
configure:6275: checking for sysroot
configure:6305: result: no
configure:6312: checking for a working dd
configure:6350: result: /bin/dd
configure:6354: checking how to truncate binary pipes
configure:6369: result: /bin/dd bs=4096 count=1
configure:6505: gcc -c -g -O2  conftest.c >&5
configure:6508: $? = 0
configure:6698: checking for mt
configure:6714: found /bin/mt
configure:6725: result: mt
configure:6748: checking if mt is a manifest tool
configure:6754: mt '-?'
configure:6762: result: no
configure:7439: checking how to run the C preprocessor
configure:7470: gcc -E  conftest.c
configure:7470: $? = 0
configure:7484: gcc -E  conftest.c
conftest.c:11:28: fatal error: ac_nonexistent.h: No such file or directory
 #include <ac_nonexistent.h>
                            ^
compilation terminated.
configure:7484: $? = 1
configure: failed program was:
| /* confdefs.h */
| #define PACKAGE_NAME "libltdl"
| #define PACKAGE_TARNAME "libltdl"
| #define PACKAGE_VERSION "2.4.3a"
| #define PACKAGE_STRING "libltdl 2.4.3a"
| #define PACKAGE_BUGREPORT "bug-libtool@gnu.org"
| #define PACKAGE_URL ""
| #define PACKAGE "libltdl"
| #define VERSION "2.4.3a"
| /* end confdefs.h.  */
| #include <ac_nonexistent.h>
configure:7509: result: gcc -E
configure:7529: gcc -E  conftest.c
configure:7529: $? = 0
configure:7543: gcc -E  conftest.c
conftest.c:11:28: fatal error: ac_nonexistent.h: No such file or directory
 #include <ac_nonexistent.h>
                            ^
compilation terminated.
configure:7543: $? = 1
configure: failed program was:
| /* confdefs.h */
| #define PACKAGE_NAME "libltdl"
| #define PACKAGE_TARNAME "libltdl"
| #define PACKAGE_VERSION "2.4.3a"
| #define PACKAGE_STRING "libltdl 2.4.3a"
| #define PACKAGE_BUGREPORT "bug-libtool@gnu.org"
| #define PACKAGE_URL ""
| #define PACKAGE "libltdl"
| #define VERSION "2.4.3a"
| /* end confdefs.h.  */
| #include <ac_nonexistent.h>
configure:7572: checking for ANSI C header files
configure:7592: gcc -c -g -O2  conftest.c >&5
configure:7592: $? = 0
configure:7665: gcc -o conftest -g -O2   conftest.c  >&5
configure:7665: $? = 0
configure:7665: ./conftest
configure:7665: $? = 0
configure:7676: result: yes
configure:7689: checking for sys/types.h
configure:7689: gcc -c -g -O2  conftest.c >&5
configure:7689: $? = 0
configure:7689: result: yes
configure:7689: checking for sys/stat.h
configure:7689: gcc -c -g -O2  conftest.c >&5
configure:7689: $? = 0
configure:7689: result: yes
configure:7689: checking for stdlib.h
configure:7689: gcc -c -g -O2  conftest.c >&5
configure:7689: $? = 0
configure:7689: result: yes
configure:7689: checking for string.h
configure:7689: gcc -c -g -O2  conftest.c >&5
configure:7689: $? = 0
configure:7689: result: yes
configure:7689: checking for memory.h
configure:7689: gcc -c -g -O2  conftest.c >&5
configure:7689: $? = 0
configure:7689: result: yes
configure:7689: checking for strings.h
configure:7689: gcc -c -g -O2  conftest.c >&5
configure:7689: $? = 0
configure:7689: result: yes
configure:7689: checking for inttypes.h
configure:7689: gcc -c -g -O2  conftest.c >&5
configure:7689: $? = 0
configure:7689: result: yes
configure:7689: checking for stdint.h
configure:7689: gcc -c -g -O2  conftest.c >&5
configure:7689: $? = 0
configure:7689: result: yes
configure:7689: checking for unistd.h
configure:7689: gcc -c -g -O2  conftest.c >&5
configure:7689: $? = 0
configure:7689: result: yes
configure:7703: checking for dlfcn.h
configure:7703: gcc -c -g -O2  conftest.c >&5
configure:7703: $? = 0
configure:7703: result: yes
configure:8256: checking for objdir
configure:8271: result: .libs
configure:8535: checking if gcc supports -fno-rtti -fno-exceptions
configure:8553: gcc -c -g -O2  -fno-rtti -fno-exceptions conftest.c >&5
cc1: warning: command line option '-fno-rtti' is valid for C++/ObjC++ but not for C [enabled by default]
configure:8557: $? = 0
configure:8570: result: no
configure:8928: checking for gcc option to produce PIC
configure:8935: result: -fPIC -DPIC
configure:8943: checking if gcc PIC flag -fPIC -DPIC works
configure:8961: gcc -c -g -O2  -fPIC -DPIC -DPIC conftest.c >&5
configure:8965: $? = 0
configure:8978: result: yes
configure:9007: checking if gcc static flag -static works
configure:9035: result: yes
configure:9050: checking if gcc supports -c -o file.o
configure:9071: gcc -c -g -O2  -o out/conftest2.o conftest.c >&5
configure:9075: $? = 0
configure:9097: result: yes
configure:9105: checking if gcc supports -c -o file.o
configure:9152: result: yes
configure:9185: checking whether the gcc linker (/usr/bin/ld -m elf_x86_64) supports shared libraries
configure:10444: result: yes
configure:10481: checking whether -lc should be explicitly linked in
configure:10489: gcc -c -g -O2  conftest.c >&5
configure:10492: $? = 0
configure:10507: gcc -shared  -fPIC -DPIC conftest.o  -v -Wl,-soname -Wl,conftest -o conftest 2\>\&1 \| /bin/grep  -lc  \>/dev/null 2\>\&1
configure:10510: $? = 0
configure:10524: result: no
configure:10684: checking dynamic linker characteristics
configure:11265: gcc -o conftest -g -O2   -Wl,-rpath -Wl,/foo conftest.c  >&5
configure:11265: $? = 0
configure:11502: result: GNU/Linux ld.so
configure:11624: checking how to hardcode library paths into programs
configure:11649: result: immediate
configure:11751: checking for shl_load
configure:11751: gcc -o conftest -g -O2   conftest.c  >&5
/tmp/ccrXvSaD.o: In function `main':
/home/nick/unixodbc-git1/unixODBC/libltdl/conftest.c:57: undefined reference to `shl_load'
collect2: error: ld returned 1 exit status
configure:11751: $? = 1
configure: failed program was:
| /* confdefs.h */
| #define PACKAGE_NAME "libltdl"
| #define PACKAGE_TARNAME "libltdl"
| #define PACKAGE_VERSION "2.4.3a"
| #define PACKAGE_STRING "libltdl 2.4.3a"
| #define PACKAGE_BUGREPORT "bug-libtool@gnu.org"
| #define PACKAGE_URL ""
| #define PACKAGE "libltdl"
| #define VERSION "2.4.3a"
| #define STDC_HEADERS 1
| #define HAVE_SYS_TYPES_H 1
| #define HAVE_SYS_STAT_H 1
| #define HAVE_STDLIB_H 1
| #define HAVE_STRING_H 1
| #define HAVE_MEMORY_H 1
| #define HAVE_STRINGS_H 1
| #define HAVE_INTTYPES_H 1
| #define HAVE_STDINT_H 1
| #define HAVE_UNISTD_H 1
| #define HAVE_DLFCN_H 1
| #define LT_OBJDIR ".libs/"
| /* end confdefs.h.  */
| /* Define shl_load to an innocuous variant, in case <limits.h> declares shl_load.
|    For example, HP-UX 11i <limits.h> declares gettimeofday.  */
| #define shl_load innocuous_shl_load
| 
| /* System header to define __stub macros and hopefully few prototypes,
|     which can conflict with char shl_load (); below.
|     Prefer <limits.h> to <assert.h> if __STDC__ is defined, since
|     <limits.h> exists even on freestanding compilers.  */
| 
| #ifdef __STDC__
| # include <limits.h>
| #else
| # include <assert.h>
| #endif
| 
| #undef shl_load
| 
| /* Override any GCC internal prototype to avoid an error.
|    Use char because int might match the return type of a GCC
|    builtin and then its argument prototype would still apply.  */
| #ifdef __cplusplus
| extern "C"
| #endif
| char shl_load ();
| /* The GNU C library defines this for functions which it implements
|     to always fail with ENOSYS.  Some functions are actually named
|     something starting with __ and the normal name is an alias.  */
| #if defined __stub_shl_load || defined __stub___shl_load
| choke me
| #endif
| 
| int
| main ()
| {
| return shl_load ();
|   ;
|   return 0;
| }
configure:11751: result: no
configure:11755: checking for shl_load in -ldld
configure:11780: gcc -o conftest -g -O2   conftest.c -ldld   >&5
/usr/bin/ld.bfd.real: cannot find -ldld
collect2: error: ld returned 1 exit status
configure:11780: $? = 1
configure: failed program was:
| /* confdefs.h */
| #define PACKAGE_NAME "libltdl"
| #define PACKAGE_TARNAME "libltdl"
| #define PACKAGE_VERSION "2.4.3a"
| #define PACKAGE_STRING "libltdl 2.4.3a"
| #define PACKAGE_BUGREPORT "bug-libtool@gnu.org"
| #define PACKAGE_URL ""
| #define PACKAGE "libltdl"
| #define VERSION "2.4.3a"
| #define STDC_HEADERS 1
| #define HAVE_SYS_TYPES_H 1
| #define HAVE_SYS_STAT_H 1
| #define HAVE_STDLIB_H 1
| #define HAVE_STRING_H 1
| #define HAVE_MEMORY_H 1
| #define HAVE_STRINGS_H 1
| #define HAVE_INTTYPES_H 1
| #define HAVE_STDINT_H 1
| #define HAVE_UNISTD_H 1
| #define HAVE_DLFCN_H 1
| #define LT_OBJDIR ".libs/"
| /* end confdefs.h.  */
| 
| /* Override any GCC internal prototype to avoid an error.
|    Use char because int might match the return type of a GCC
|    builtin and then its argument prototype would still apply.  */
| #ifdef __cplusplus
| extern "C"
| #endif
| char shl_load ();
| int
| main ()
| {
| return shl_load ();
|   ;
|   return 0;
| }
configure:11789: result: no
configure:11794: checking for dlopen
configure:11794: gcc -o conftest -g -O2   conftest.c  >&5
/tmp/ccPDB27J.o: In function `main':
/home/nick/unixodbc-git1/unixODBC/libltdl/conftest.c:57: undefined reference to `dlopen'
collect2: error: ld returned 1 exit status
configure:11794: $? = 1
configure: failed program was:
| /* confdefs.h */
| #define PACKAGE_NAME "libltdl"
| #define PACKAGE_TARNAME "libltdl"
| #define PACKAGE_VERSION "2.4.3a"
| #define PACKAGE_STRING "libltdl 2.4.3a"
| #define PACKAGE_BUGREPORT "bug-libtool@gnu.org"
| #define PACKAGE_URL ""
| #define PACKAGE "libltdl"
| #define VERSION "2.4.3a"
| #define STDC_HEADERS 1
| #define HAVE_SYS_TYPES_H 1
| #define HAVE_SYS_STAT_H 1
| #define HAVE_STDLIB_H 1
| #define HAVE_STRING_H 1
| #define HAVE_MEMORY_H 1
| #define HAVE_STRINGS_H 1
| #define HAVE_INTTYPES_H 1
| #define HAVE_STDINT_H 1
| #define HAVE_UNISTD_H 1
| #define HAVE_DLFCN_H 1
| #define LT_OBJDIR ".libs/"
| /* end confdefs.h.  */
| /* Define dlopen to an innocuous variant, in case <limits.h> declares dlopen.
|    For example, HP-UX 11i <limits.h> declares gettimeofday.  */
| #define dlopen innocuous_dlopen
| 
| /* System header to define __stub macros and hopefully few prototypes,
|     which can conflict with char dlopen (); below.
|     Prefer <limits.h> to <assert.h> if __STDC__ is defined, since
|     <limits.h> exists even on freestanding compilers.  */
| 
| #ifdef __STDC__
| # include <limits.h>
| #else
| # include <assert.h>
| #endif
| 
| #undef dlopen
| 
| /* Override any GCC internal prototype to avoid an error.
|    Use char because int might match the return type of a GCC
|    builtin and then its argument prototype would still apply.  */
| #ifdef __cplusplus
| extern "C"
| #endif
| char dlopen ();
| /* The GNU C library defines this for functions which it implements
|     to always fail with ENOSYS.  Some functions are actually named
|     something starting with __ and the normal name is an alias.  */
| #if defined __stub_dlopen || defined __stub___dlopen
| choke me
| #endif
| 
| int
| main ()
| {
| return dlopen ();
|   ;
|   return 0;
| }
configure:11794: result: no
configure:11798: checking for dlopen in -ldl
configure:11823: gcc -o conftest -g -O2   conftest.c -ldl   >&5
configure:11823: $? = 0
configure:11832: result: yes
configure:11951: checking whether a program can dlopen itself
configure:12031: gcc -o conftest -g -O2  -DHAVE_DLFCN_H  -Wl,--export-dynamic conftest.c -ldl  >&5
configure:12034: $? = 0
configure:12052: result: yes
configure:12057: checking whether a statically linked program can dlopen itself
configure:12137: gcc -o conftest -g -O2  -DHAVE_DLFCN_H  -Wl,--export-dynamic -static conftest.c -ldl  >&5
/tmp/ccTOMsKY.o: In function `main':
/home/nick/unixodbc-git1/unixODBC/libltdl/configure:12116: warning: Using 'dlopen' in statically linked applications requires at runtime the shared libraries from the glibc version used for linking
/usr/bin/ld.bfd.real: dynamic STT_GNU_IFUNC symbol `strcmp' with pointer equality in `/usr/lib/gcc/x86_64-linux-gnu/4.8/../../../x86_64-linux-gnu/libc.a(strcmp.o)' can not be used when making an executable; recompile with -fPIE and relink with -pie
collect2: error: ld returned 1 exit status
configure:12140: $? = 1
configure:12158: result: no
configure:12197: checking whether stripping libraries is possible
configure:12202: result: yes
configure:12237: checking if libtool supports shared libraries
configure:12239: result: yes
configure:12242: checking whether to build shared libraries
configure:12267: result: yes
configure:12270: checking whether to build static libraries
configure:12274: result: yes
configure:12311: checking what extension is used for runtime loadable modules
configure:12323: result: .so
configure:12347: checking what variable specifies run-time module search path
configure:12354: result: LD_LIBRARY_PATH
configure:12364: checking for the default library search path
configure:12371: result: /lib /usr/lib /usr/lib/digilent/adept  /usr/lib64/digilent/adept  /usr/lib/x86_64-linux-gnu/libfakeroot /lib/i386-linux-gnu /usr/lib/i386-linux-gnu /lib/i686-linux-gnu /usr/lib/i686-linux-gnu /usr/local/lib /lib/x86_64-linux-gnu /usr/lib/x86_64-linux-gnu /usr/lib/x86_64-linux-gnu/mesa-egl /usr/lib/nvidia-340 /usr/lib32/nvidia-340 /usr/lib/x86_64-linux-gnu/mir/clientplatform/mesa /lib32 /usr/lib32 /libx32 /usr/libx32 /usr/local/easysoft/lib /usr/local/easysoft/unixODBC/lib /usr/local/easysoft/isam/lib /usr/local/easysoft/oob/client 
configure:12402: checking for library containing dlopen
configure:12433: gcc -o conftest -g -O2   conftest.c  >&5
/tmp/ccXqyQ12.o: In function `main':
/home/nick/unixodbc-git1/unixODBC/libltdl/conftest.c:37: undefined reference to `dlopen'
collect2: error: ld returned 1 exit status
configure:12433: $? = 1
configure: failed program was:
| /* confdefs.h */
| #define PACKAGE_NAME "libltdl"
| #define PACKAGE_TARNAME "libltdl"
| #define PACKAGE_VERSION "2.4.3a"
| #define PACKAGE_STRING "libltdl 2.4.3a"
| #define PACKAGE_BUGREPORT "bug-libtool@gnu.org"
| #define PACKAGE_URL ""
| #define PACKAGE "libltdl"
| #define VERSION "2.4.3a"
| #define STDC_HEADERS 1
| #define HAVE_SYS_TYPES_H 1
| #define HAVE_SYS_STAT_H 1
| #define HAVE_STDLIB_H 1
| #define HAVE_STRING_H 1
| #define HAVE_MEMORY_H 1
| #define HAVE_STRINGS_H 1
| #define HAVE_INTTYPES_H 1
| #define HAVE_STDINT_H 1
| #define HAVE_UNISTD_H 1
| #define HAVE_DLFCN_H 1
| #define LT_OBJDIR ".libs/"
| #define LT_MODULE_EXT ".so"
| #define LT_MODULE_PATH_VAR "LD_LIBRARY_PATH"
| #define LT_DLSEARCH_PATH "/lib:/usr/lib:/usr/lib/digilent/adept:/usr/lib64/digilent/adept:/usr/lib/x86_64-linux-gnu/libfakeroot:/lib/i386-linux-gnu:/usr/lib/i386-linux-gnu:/lib/i686-linux-gnu:/usr/lib/i686-linux-gnu:/usr/local/lib:/lib/x86_64-linux-gnu:/usr/lib/x86_64-linux-gnu:/usr/lib/x86_64-linux-gnu/mesa-egl:/usr/lib/nvidia-340:/usr/lib32/nvidia-340:/usr/lib/x86_64-linux-gnu/mir/clientplatform/mesa:/lib32:/usr/lib32:/libx32:/usr/libx32:/usr/local/easysoft/lib:/usr/local/easysoft/unixODBC/lib:/usr/local/easysoft/isam/lib:/usr/local/easysoft/oob/client"
| /* end confdefs.h.  */
| 
| /* Override any GCC internal prototype to avoid an error.
|    Use char because int might match the return type of a GCC
|    builtin and then its argument prototype would still apply.  */
| #ifdef __cplusplus
| extern "C"
| #endif
| char dlopen ();
| int
| main ()
| {
| return dlopen ();
|   ;
|   return 0;
| }
configure:12433: gcc -o conftest -g -O2   conftest.c -ldl   >&5
configure:12433: $? = 0
configure:12450: result: -ldl
configure:12540: checking for dlerror
configure:12540: gcc -o conftest -g -O2   conftest.c -ldl  -ldl >&5
configure:12540: $? = 0
configure:12540: result: yes
configure:12554: checking for shl_load
configure:12554: result: no
configure:12561: checking for shl_load in -ldld
configure:12595: result: no
configure:12641: checking for dld_link in -ldld
configure:12666: gcc -o conftest -g -O2   conftest.c -ldld  -ldl  >&5
/usr/bin/ld.bfd.real: cannot find -ldld
collect2: error: ld returned 1 exit status
configure:12666: $? = 1
configure: failed program was:
| /* confdefs.h */
| #define PACKAGE_NAME "libltdl"
| #define PACKAGE_TARNAME "libltdl"
| #define PACKAGE_VERSION "2.4.3a"
| #define PACKAGE_STRING "libltdl 2.4.3a"
| #define PACKAGE_BUGREPORT "bug-libtool@gnu.org"
| #define PACKAGE_URL ""
| #define PACKAGE "libltdl"
| #define VERSION "2.4.3a"
| #define STDC_HEADERS 1
| #define HAVE_SYS_TYPES_H 1
| #define HAVE_SYS_STAT_H 1
| #define HAVE_STDLIB_H 1
| #define HAVE_STRING_H 1
| #define HAVE_MEMORY_H 1
| #define HAVE_STRINGS_H 1
| #define HAVE_INTTYPES_H 1
| #define HAVE_STDINT_H 1
| #define HAVE_UNISTD_H 1
| #define HAVE_DLFCN_H 1
| #define LT_OBJDIR ".libs/"
| #define LT_MODULE_EXT ".so"
| #define LT_MODULE_PATH_VAR "LD_LIBRARY_PATH"
| #define LT_DLSEARCH_PATH "/lib:/usr/lib:/usr/lib/digilent/adept:/usr/lib64/digilent/adept:/usr/lib/x86_64-linux-gnu/libfakeroot:/lib/i386-linux-gnu:/usr/lib/i386-linux-gnu:/lib/i686-linux-gnu:/usr/lib/i686-linux-gnu:/usr/local/lib:/lib/x86_64-linux-gnu:/usr/lib/x86_64-linux-gnu:/usr/lib/x86_64-linux-gnu/mesa-egl:/usr/lib/nvidia-340:/usr/lib32/nvidia-340:/usr/lib/x86_64-linux-gnu/mir/clientplatform/mesa:/lib32:/usr/lib32:/libx32:/usr/libx32:/usr/local/easysoft/lib:/usr/local/easysoft/unixODBC/lib:/usr/local/easysoft/isam/lib:/usr/local/easysoft/oob/client"
| #define HAVE_LIBDL 1
| #define HAVE_DLERROR 1
| /* end confdefs.h.  */
| 
| /* Override any GCC internal prototype to avoid an error.
|    Use char because int might match the return type of a GCC
|    builtin and then its argument prototype would still apply.  */
| #ifdef __cplusplus
| extern "C"
| #endif
| char dld_link ();
| int
| main ()
| {
| return dld_link ();
|   ;
|   return 0;
| }
configure:12675: result: no
configure:12710: checking for _ prefix in compiled symbols
configure:12720: gcc -c -g -O2  conftest.c >&5
configure:12723: $? = 0
configure:12727: /usr/bin/nm -B conftest.o \| sed -n -e 's/^.*[	 ]\([ABCDGIRSTW][ABCDGIRSTW]*\)[	 ][	 ]*\([_A-Za-z][_A-Za-z0-9]*\)$/\1 \2 \2/p' | sed '/ __gnu_lto/d' \> conftest.nm
configure:12730: $? = 0
configure:12752: result: no
configure:12869: checking whether deplibs are loaded by dlopen
configure:12966: result: yes
configure:12977: checking for argz.h
configure:12977: gcc -c -g -O2  conftest.c >&5
configure:12977: $? = 0
configure:12977: result: yes
configure:12989: checking for error_t
configure:12989: gcc -c -g -O2  conftest.c >&5
configure:12989: $? = 0
configure:12989: gcc -c -g -O2  conftest.c >&5
conftest.c: In function 'main':
conftest.c:37:22: error: expected expression before ')' token
 if (sizeof ((error_t)))
                      ^
configure:12989: $? = 1
configure: failed program was:
| /* confdefs.h */
| #define PACKAGE_NAME "libltdl"
| #define PACKAGE_TARNAME "libltdl"
| #define PACKAGE_VERSION "2.4.3a"
| #define PACKAGE_STRING "libltdl 2.4.3a"
| #define PACKAGE_BUGREPORT "bug-libtool@gnu.org"
| #define PACKAGE_URL ""
| #define PACKAGE "libltdl"
| #define VERSION "2.4.3a"
| #define STDC_HEADERS 1
| #define HAVE_SYS_TYPES_H 1
| #define HAVE_SYS_STAT_H 1
| #define HAVE_STDLIB_H 1
| #define HAVE_STRING_H 1
| #define HAVE_MEMORY_H 1
| #define HAVE_STRINGS_H 1
| #define HAVE_INTTYPES_H 1
| #define HAVE_STDINT_H 1
| #define HAVE_UNISTD_H 1
| #define HAVE_DLFCN_H 1
| #define LT_OBJDIR ".libs/"
| #define LT_MODULE_EXT ".so"
| #define LT_MODULE_PATH_VAR "LD_LIBRARY_PATH"
| #define LT_DLSEARCH_PATH "/lib:/usr/lib:/usr/lib/digilent/adept:/usr/lib64/digilent/adept:/usr/lib/x86_64-linux-gnu/libfakeroot:/lib/i386-linux-gnu:/usr/lib/i386-linux-gnu:/lib/i686-linux-gnu:/usr/lib/i686-linux-gnu:/usr/local/lib:/lib/x86_64-linux-gnu:/usr/lib/x86_64-linux-gnu:/usr/lib/x86_64-linux-gnu/mesa-egl:/usr/lib/nvidia-340:/usr/lib32/nvidia-340:/usr/lib/x86_64-linux-gnu/mir/clientplatform/mesa:/lib32:/usr/lib32:/libx32:/usr/libx32:/usr/local/easysoft/lib:/usr/local/easysoft/unixODBC/lib:/usr/local/easysoft/isam/lib:/usr/local/easysoft/oob/client"
| #define HAVE_LIBDL 1
| #define HAVE_DLERROR 1
| #define HAVE_LIBDLLOADER 1
| #define HAVE_ARGZ_H 1
| /* end confdefs.h.  */
| #if defined(HAVE_ARGZ_H)
| #  include <argz.h>
| #endif
| 
| int
| main ()
| {
| if (sizeof ((error_t)))
| 	    return 0;
|   ;
|   return 0;
| }
configure:12989: result: yes
configure:13015: checking for argz_add
configure:13015: gcc -o conftest -g -O2   conftest.c  >&5
configure:13015: $? = 0
configure:13015: result: yes
configure:13015: checking for argz_append
configure:13015: gcc -o conftest -g -O2   conftest.c  >&5
configure:13015: $? = 0
configure:13015: result: yes
configure:13015: checking for argz_count
configure:13015: gcc -o conftest -g -O2   conftest.c  >&5
configure:13015: $? = 0
configure:13015: result: yes
configure:13015: checking for argz_create_sep
configure:13015: gcc -o conftest -g -O2   conftest.c  >&5
configure:13015: $? = 0
configure:13015: result: yes
configure:13015: checking for argz_insert
configure:13015: gcc -o conftest -g -O2   conftest.c  >&5
configure:13015: $? = 0
configure:13015: result: yes
configure:13015: checking for argz_next
configure:13015: gcc -o conftest -g -O2   conftest.c  >&5
configure:13015: $? = 0
configure:13015: result: yes
configure:13015: checking for argz_stringify
configure:13015: gcc -o conftest -g -O2   conftest.c  >&5
configure:13015: $? = 0
configure:13015: result: yes
configure:13033: checking if argz actually works
configure:13064: result: yes
configure:13083: checking whether libtool supports -dlopen/-dlpreopen
configure:13095: result: yes
configure:13148: checking for unistd.h
configure:13148: result: yes
configure:13148: checking for dl.h
configure:13148: gcc -c -g -O2  conftest.c >&5
conftest.c:75:16: fatal error: dl.h: No such file or directory
 #include <dl.h>
                ^
compilation terminated.
configure:13148: $? = 1
configure: failed program was:
| /* confdefs.h */
| #define PACKAGE_NAME "libltdl"
| #define PACKAGE_TARNAME "libltdl"
| #define PACKAGE_VERSION "2.4.3a"
| #define PACKAGE_STRING "libltdl 2.4.3a"
| #define PACKAGE_BUGREPORT "bug-libtool@gnu.org"
| #define PACKAGE_URL ""
| #define PACKAGE "libltdl"
| #define VERSION "2.4.3a"
| #define STDC_HEADERS 1
| #define HAVE_SYS_TYPES_H 1
| #define HAVE_SYS_STAT_H 1
| #define HAVE_STDLIB_H 1
| #define HAVE_STRING_H 1
| #define HAVE_MEMORY_H 1
| #define HAVE_STRINGS_H 1
| #define HAVE_INTTYPES_H 1
| #define HAVE_STDINT_H 1
| #define HAVE_UNISTD_H 1
| #define HAVE_DLFCN_H 1
| #define LT_OBJDIR ".libs/"
| #define LT_MODULE_EXT ".so"
| #define LT_MODULE_PATH_VAR "LD_LIBRARY_PATH"
| #define LT_DLSEARCH_PATH "/lib:/usr/lib:/usr/lib/digilent/adept:/usr/lib64/digilent/adept:/usr/lib/x86_64-linux-gnu/libfakeroot:/lib/i386-linux-gnu:/usr/lib/i386-linux-gnu:/lib/i686-linux-gnu:/usr/lib/i686-linux-gnu:/usr/local/lib:/lib/x86_64-linux-gnu:/usr/lib/x86_64-linux-gnu:/usr/lib/x86_64-linux-gnu/mesa-egl:/usr/lib/nvidia-340:/usr/lib32/nvidia-340:/usr/lib/x86_64-linux-gnu/mir/clientplatform/mesa:/lib32:/usr/lib32:/libx32:/usr/libx32:/usr/local/easysoft/lib:/usr/local/easysoft/unixODBC/lib:/usr/local/easysoft/isam/lib:/usr/local/easysoft/oob/client"
| #define HAVE_LIBDL 1
| #define HAVE_DLERROR 1
| #define HAVE_LIBDLLOADER 1
| #define HAVE_ARGZ_H 1
| #define HAVE_ERROR_T 1
| #define HAVE_ARGZ_ADD 1
| #define HAVE_ARGZ_APPEND 1
| #define HAVE_ARGZ_COUNT 1
| #define HAVE_ARGZ_CREATE_SEP 1
| #define HAVE_ARGZ_INSERT 1
| #define HAVE_ARGZ_NEXT 1
| #define HAVE_ARGZ_STRINGIFY 1
| #define HAVE_WORKING_ARGZ 1
| #define HAVE_PRELOADED_SYMBOLS 1
| #define HAVE_UNISTD_H 1
| /* end confdefs.h.  */
| #include <stdio.h>
| #ifdef HAVE_SYS_TYPES_H
| # include <sys/types.h>
| #endif
| #ifdef HAVE_SYS_STAT_H
| # include <sys/stat.h>
| #endif
| #ifdef STDC_HEADERS
| # include <stdlib.h>
| # include <stddef.h>
| #else
| # ifdef HAVE_STDLIB_H
| #  include <stdlib.h>
| # endif
| #endif
| #ifdef HAVE_STRING_H
| # if !defined STDC_HEADERS && defined HAVE_MEMORY_H
| #  include <memory.h>
| # endif
| # include <string.h>
| #endif
| #ifdef HAVE_STRINGS_H
| # include <strings.h>
| #endif
| #ifdef HAVE_INTTYPES_H
| # include <inttypes.h>
| #endif
| #ifdef HAVE_STDINT_H
| # include <stdint.h>
| #endif
| #ifdef HAVE_UNISTD_H
| # include <unistd.h>
| #endif
| 
| #include <dl.h>
configure:13148: result: no
configure:13148: checking for sys/dl.h
configure:13148: gcc -c -g -O2  conftest.c >&5
conftest.c:75:20: fatal error: sys/dl.h: No such file or directory
 #include <sys/dl.h>
                    ^
compilation terminated.
configure:13148: $? = 1
configure: failed program was:
| /* confdefs.h */
| #define PACKAGE_NAME "libltdl"
| #define PACKAGE_TARNAME "libltdl"
| #define PACKAGE_VERSION "2.4.3a"
| #define PACKAGE_STRING "libltdl 2.4.3a"
| #define PACKAGE_BUGREPORT "bug-libtool@gnu.org"
| #define PACKAGE_URL ""
| #define PACKAGE "libltdl"
| #define VERSION "2.4.3a"
| #define STDC_HEADERS 1
| #define HAVE_SYS_TYPES_H 1
| #define HAVE_SYS_STAT_H 1
| #define HAVE_STDLIB_H 1
| #define HAVE_STRING_H 1
| #define HAVE_MEMORY_H 1
| #define HAVE_STRINGS_H 1
| #define HAVE_INTTYPES_H 1
| #define HAVE_STDINT_H 1
| #define HAVE_UNISTD_H 1
| #define HAVE_DLFCN_H 1
| #define LT_OBJDIR ".libs/"
| #define LT_MODULE_EXT ".so"
| #define LT_MODULE_PATH_VAR "LD_LIBRARY_PATH"
| #define LT_DLSEARCH_PATH "/lib:/usr/lib:/usr/lib/digilent/adept:/usr/lib64/digilent/adept:/usr/lib/x86_64-linux-gnu/libfakeroot:/lib/i386-linux-gnu:/usr/lib/i386-linux-gnu:/lib/i686-linux-gnu:/usr/lib/i686-linux-gnu:/usr/local/lib:/lib/x86_64-linux-gnu:/usr/lib/x86_64-linux-gnu:/usr/lib/x86_64-linux-gnu/mesa-egl:/usr/lib/nvidia-340:/usr/lib32/nvidia-340:/usr/lib/x86_64-linux-gnu/mir/clientplatform/mesa:/lib32:/usr/lib32:/libx32:/usr/libx32:/usr/local/easysoft/lib:/usr/local/easysoft/unixODBC/lib:/usr/local/easysoft/isam/lib:/usr/local/easysoft/oob/client"
| #define HAVE_LIBDL 1
| #define HAVE_DLERROR 1
| #define HAVE_LIBDLLOADER 1
| #define HAVE_ARGZ_H 1
| #define HAVE_ERROR_T 1
| #define HAVE_ARGZ_ADD 1
| #define HAVE_ARGZ_APPEND 1
| #define HAVE_ARGZ_COUNT 1
| #define HAVE_ARGZ_CREATE_SEP 1
| #define HAVE_ARGZ_INSERT 1
| #define HAVE_ARGZ_NEXT 1
| #define HAVE_ARGZ_STRINGIFY 1
| #define HAVE_WORKING_ARGZ 1
| #define HAVE_PRELOADED_SYMBOLS 1
| #define HAVE_UNISTD_H 1
| /* end confdefs.h.  */
| #include <stdio.h>
| #ifdef HAVE_SYS_TYPES_H
| # include <sys/types.h>
| #endif
| #ifdef HAVE_SYS_STAT_H
| # include <sys/stat.h>
| #endif
| #ifdef STDC_HEADERS
| # include <stdlib.h>
| # include <stddef.h>
| #else
| # ifdef HAVE_STDLIB_H
| #  include <stdlib.h>
| # endif
| #endif
| #ifdef HAVE_STRING_H
| # if !defined STDC_HEADERS && defined HAVE_MEMORY_H
| #  include <memory.h>
| # endif
| # include <string.h>
| #endif
| #ifdef HAVE_STRINGS_H
| # include <strings.h>
| #endif
| #ifdef HAVE_INTTYPES_H
| # include <inttypes.h>
| #endif
| #ifdef HAVE_STDINT_H
| # include <stdint.h>
| #endif
| #ifdef HAVE_UNISTD_H
| # include <unistd.h>
| #endif
| 
| #include <sys/dl.h>
configure:13148: result: no
configure:13148: checking for dld.h
configure:13148: gcc -c -g -O2  conftest.c >&5
conftest.c:75:17: fatal error: dld.h: No such file or directory
 #include <dld.h>
                 ^
compilation terminated.
configure:13148: $? = 1
configure: failed program was:
| /* confdefs.h */
| #define PACKAGE_NAME "libltdl"
| #define PACKAGE_TARNAME "libltdl"
| #define PACKAGE_VERSION "2.4.3a"
| #define PACKAGE_STRING "libltdl 2.4.3a"
| #define PACKAGE_BUGREPORT "bug-libtool@gnu.org"
| #define PACKAGE_URL ""
| #define PACKAGE "libltdl"
| #define VERSION "2.4.3a"
| #define STDC_HEADERS 1
| #define HAVE_SYS_TYPES_H 1
| #define HAVE_SYS_STAT_H 1
| #define HAVE_STDLIB_H 1
| #define HAVE_STRING_H 1
| #define HAVE_MEMORY_H 1
| #define HAVE_STRINGS_H 1
| #define HAVE_INTTYPES_H 1
| #define HAVE_STDINT_H 1
| #define HAVE_UNISTD_H 1
| #define HAVE_DLFCN_H 1
| #define LT_OBJDIR ".libs/"
| #define LT_MODULE_EXT ".so"
| #define LT_MODULE_PATH_VAR "LD_LIBRARY_PATH"
| #define LT_DLSEARCH_PATH "/lib:/usr/lib:/usr/lib/digilent/adept:/usr/lib64/digilent/adept:/usr/lib/x86_64-linux-gnu/libfakeroot:/lib/i386-linux-gnu:/usr/lib/i386-linux-gnu:/lib/i686-linux-gnu:/usr/lib/i686-linux-gnu:/usr/local/lib:/lib/x86_64-linux-gnu:/usr/lib/x86_64-linux-gnu:/usr/lib/x86_64-linux-gnu/mesa-egl:/usr/lib/nvidia-340:/usr/lib32/nvidia-340:/usr/lib/x86_64-linux-gnu/mir/clientplatform/mesa:/lib32:/usr/lib32:/libx32:/usr/libx32:/usr/local/easysoft/lib:/usr/local/easysoft/unixODBC/lib:/usr/local/easysoft/isam/lib:/usr/local/easysoft/oob/client"
| #define HAVE_LIBDL 1
| #define HAVE_DLERROR 1
| #define HAVE_LIBDLLOADER 1
| #define HAVE_ARGZ_H 1
| #define HAVE_ERROR_T 1
| #define HAVE_ARGZ_ADD 1
| #define HAVE_ARGZ_APPEND 1
| #define HAVE_ARGZ_COUNT 1
| #define HAVE_ARGZ_CREATE_SEP 1
| #define HAVE_ARGZ_INSERT 1
| #define HAVE_ARGZ_NEXT 1
| #define HAVE_ARGZ_STRINGIFY 1
| #define HAVE_WORKING_ARGZ 1
| #define HAVE_PRELOADED_SYMBOLS 1
| #define HAVE_UNISTD_H 1
| /* end confdefs.h.  */
| #include <stdio.h>
| #ifdef HAVE_SYS_TYPES_H
| # include <sys/types.h>
| #endif
| #ifdef HAVE_SYS_STAT_H
| # include <sys/stat.h>
| #endif
| #ifdef STDC_HEADERS
| # include <stdlib.h>
| # include <stddef.h>
| #else
| # ifdef HAVE_STDLIB_H
| #  include <stdlib.h>
| # endif
| #endif
| #ifdef HAVE_STRING_H
| # if !defined STDC_HEADERS && defined HAVE_MEMORY_H
| #  include <memory.h>
| # endif
| # include <string.h>
| #endif
| #ifdef HAVE_STRINGS_H
| # include <strings.h>
| #endif
| #ifdef HAVE_INTTYPES_H
| # include <inttypes.h>
| #endif
| #ifdef HAVE_STDINT_H
| # include <stdint.h>
| #endif
| #ifdef HAVE_UNISTD_H
| # include <unistd.h>
| #endif
| 
| #include <dld.h>
configure:13148: result: no
configure:13148: checking for mach-o/dyld.h
configure:13148: gcc -c -g -O2  conftest.c >&5
conftest.c:75:25: fatal error: mach-o/dyld.h: No such file or directory
 #include <mach-o/dyld.h>
                         ^
compilation terminated.
configure:13148: $? = 1
configure: failed program was:
| /* confdefs.h */
| #define PACKAGE_NAME "libltdl"
| #define PACKAGE_TARNAME "libltdl"
| #define PACKAGE_VERSION "2.4.3a"
| #define PACKAGE_STRING "libltdl 2.4.3a"
| #define PACKAGE_BUGREPORT "bug-libtool@gnu.org"
| #define PACKAGE_URL ""
| #define PACKAGE "libltdl"
| #define VERSION "2.4.3a"
| #define STDC_HEADERS 1
| #define HAVE_SYS_TYPES_H 1
| #define HAVE_SYS_STAT_H 1
| #define HAVE_STDLIB_H 1
| #define HAVE_STRING_H 1
| #define HAVE_MEMORY_H 1
| #define HAVE_STRINGS_H 1
| #define HAVE_INTTYPES_H 1
| #define HAVE_STDINT_H 1
| #define HAVE_UNISTD_H 1
| #define HAVE_DLFCN_H 1
| #define LT_OBJDIR ".libs/"
| #define LT_MODULE_EXT ".so"
| #define LT_MODULE_PATH_VAR "LD_LIBRARY_PATH"
| #define LT_DLSEARCH_PATH "/lib:/usr/lib:/usr/lib/digilent/adept:/usr/lib64/digilent/adept:/usr/lib/x86_64-linux-gnu/libfakeroot:/lib/i386-linux-gnu:/usr/lib/i386-linux-gnu:/lib/i686-linux-gnu:/usr/lib/i686-linux-gnu:/usr/local/lib:/lib/x86_64-linux-gnu:/usr/lib/x86_64-linux-gnu:/usr/lib/x86_64-linux-gnu/mesa-egl:/usr/lib/nvidia-340:/usr/lib32/nvidia-340:/usr/lib/x86_64-linux-gnu/mir/clientplatform/mesa:/lib32:/usr/lib32:/libx32:/usr/libx32:/usr/local/easysoft/lib:/usr/local/easysoft/unixODBC/lib:/usr/local/easysoft/isam/lib:/usr/local/easysoft/oob/client"
| #define HAVE_LIBDL 1
| #define HAVE_DLERROR 1
| #define HAVE_LIBDLLOADER 1
| #define HAVE_ARGZ_H 1
| #define HAVE_ERROR_T 1
| #define HAVE_ARGZ_ADD 1
| #define HAVE_ARGZ_APPEND 1
| #define HAVE_ARGZ_COUNT 1
| #define HAVE_ARGZ_CREATE_SEP 1
| #define HAVE_ARGZ_INSERT 1
| #define HAVE_ARGZ_NEXT 1
| #define HAVE_ARGZ_STRINGIFY 1
| #define HAVE_WORKING_ARGZ 1
| #define HAVE_PRELOADED_SYMBOLS 1
| #define HAVE_UNISTD_H 1
| /* end confdefs.h.  */
| #include <stdio.h>
| #ifdef HAVE_SYS_TYPES_H
| # include <sys/types.h>
| #endif
| #ifdef HAVE_SYS_STAT_H
| # include <sys/stat.h>
| #endif
| #ifdef STDC_HEADERS
| # include <stdlib.h>
| # include <stddef.h>
| #else
| # ifdef HAVE_STDLIB_H
| #  include <stdlib.h>
| # endif
| #endif
| #ifdef HAVE_STRING_H
| # if !defined STDC_HEADERS && defined HAVE_MEMORY_H
| #  include <memory.h>
| # endif
| # include <string.h>
| #endif
| #ifdef HAVE_STRINGS_H
| # include <strings.h>
| #endif
| #ifdef HAVE_INTTYPES_H
| # include <inttypes.h>
| #endif
| #ifdef HAVE_STDINT_H
| # include <stdint.h>
| #endif
| #ifdef HAVE_UNISTD_H
| # include <unistd.h>
| #endif
| 
| #include <mach-o/dyld.h>
configure:13148: result: no
configure:13148: checking for dirent.h
configure:13148: gcc -c -g -O2  conftest.c >&5
configure:13148: $? = 0
configure:13148: result: yes
configure:13163: checking for closedir
configure:13163: gcc -o conftest -g -O2   conftest.c  >&5
configure:13163: $? = 0
configure:13163: result: yes
configure:13163: checking for opendir
configure:13163: gcc -o conftest -g -O2   conftest.c  >&5
configure:13163: $? = 0
configure:13163: result: yes
configure:13163: checking for readdir
configure:13163: gcc -o conftest -g -O2   conftest.c  >&5
configure:13163: $? = 0
configure:13163: result: yes
configure:13182: checking for strlcat
configure:13182: gcc -o conftest -g -O2   conftest.c  >&5
/tmp/cclCzywF.o: In function `main':
/home/nick/unixodbc-git1/unixODBC/libltdl/conftest.c:79: undefined reference to `strlcat'
collect2: error: ld returned 1 exit status
configure:13182: $? = 1
configure: failed program was:
| /* confdefs.h */
| #define PACKAGE_NAME "libltdl"
| #define PACKAGE_TARNAME "libltdl"
| #define PACKAGE_VERSION "2.4.3a"
| #define PACKAGE_STRING "libltdl 2.4.3a"
| #define PACKAGE_BUGREPORT "bug-libtool@gnu.org"
| #define PACKAGE_URL ""
| #define PACKAGE "libltdl"
| #define VERSION "2.4.3a"
| #define STDC_HEADERS 1
| #define HAVE_SYS_TYPES_H 1
| #define HAVE_SYS_STAT_H 1
| #define HAVE_STDLIB_H 1
| #define HAVE_STRING_H 1
| #define HAVE_MEMORY_H 1
| #define HAVE_STRINGS_H 1
| #define HAVE_INTTYPES_H 1
| #define HAVE_STDINT_H 1
| #define HAVE_UNISTD_H 1
| #define HAVE_DLFCN_H 1
| #define LT_OBJDIR ".libs/"
| #define LT_MODULE_EXT ".so"
| #define LT_MODULE_PATH_VAR "LD_LIBRARY_PATH"
| #define LT_DLSEARCH_PATH "/lib:/usr/lib:/usr/lib/digilent/adept:/usr/lib64/digilent/adept:/usr/lib/x86_64-linux-gnu/libfakeroot:/lib/i386-linux-gnu:/usr/lib/i386-linux-gnu:/lib/i686-linux-gnu:/usr/lib/i686-linux-gnu:/usr/local/lib:/lib/x86_64-linux-gnu:/usr/lib/x86_64-linux-gnu:/usr/lib/x86_64-linux-gnu/mesa-egl:/usr/lib/nvidia-340:/usr/lib32/nvidia-340:/usr/lib/x86_64-linux-gnu/mir/clientplatform/mesa:/lib32:/usr/lib32:/libx32:/usr/libx32:/usr/local/easysoft/lib:/usr/local/easysoft/unixODBC/lib:/usr/local/easysoft/isam/lib:/usr/local/easysoft/oob/client"
| #define HAVE_LIBDL 1
| #define HAVE_DLERROR 1
| #define HAVE_LIBDLLOADER 1
| #define HAVE_ARGZ_H 1
| #define HAVE_ERROR_T 1
| #define HAVE_ARGZ_ADD 1
| #define HAVE_ARGZ_APPEND 1
| #define HAVE_ARGZ_COUNT 1
| #define HAVE_ARGZ_CREATE_SEP 1
| #define HAVE_ARGZ_INSERT 1
| #define HAVE_ARGZ_NEXT 1
| #define HAVE_ARGZ_STRINGIFY 1
| #define HAVE_WORKING_ARGZ 1
| #define HAVE_PRELOADED_SYMBOLS 1
| #define HAVE_UNISTD_H 1
| #define HAVE_DIRENT_H 1
| #define HAVE_CLOSEDIR 1
| #define HAVE_OPENDIR 1
| #define HAVE_READDIR 1
| /* end confdefs.h.  */
| /* Define strlcat to an innocuous variant, in case <limits.h> declares strlcat.
|    For example, HP-UX 11i <limits.h> declares gettimeofday.  */
| #define strlcat innocuous_strlcat
| 
| /* System header to define __stub macros and hopefully few prototypes,
|     which can conflict with char strlcat (); below.
|     Prefer <limits.h> to <assert.h> if __STDC__ is defined, since
|     <limits.h> exists even on freestanding compilers.  */
| 
| #ifdef __STDC__
| # include <limits.h>
| #else
| # include <assert.h>
| #endif
| 
| #undef strlcat
| 
| /* Override any GCC internal prototype to avoid an error.
|    Use char because int might match the return type of a GCC
|    builtin and then its argument prototype would still apply.  */
| #ifdef __cplusplus
| extern "C"
| #endif
| char strlcat ();
| /* The GNU C library defines this for functions which it implements
|     to always fail with ENOSYS.  Some functions are actually named
|     something starting with __ and the normal name is an alias.  */
| #if defined __stub_strlcat || defined __stub___strlcat
| choke me
| #endif
| 
| int
| main ()
| {
| return strlcat ();
|   ;
|   return 0;
| }
configure:13182: result: no
configure:13182: checking for strlcpy
configure:13182: gcc -o conftest -g -O2   conftest.c  >&5
/tmp/ccJgQ6ZJ.o: In function `main':
/home/nick/unixodbc-git1/unixODBC/libltdl/conftest.c:79: undefined reference to `strlcpy'
collect2: error: ld returned 1 exit status
configure:13182: $? = 1
configure: failed program was:
| /* confdefs.h */
| #define PACKAGE_NAME "libltdl"
| #define PACKAGE_TARNAME "libltdl"
| #define PACKAGE_VERSION "2.4.3a"
| #define PACKAGE_STRING "libltdl 2.4.3a"
| #define PACKAGE_BUGREPORT "bug-libtool@gnu.org"
| #define PACKAGE_URL ""
| #define PACKAGE "libltdl"
| #define VERSION "2.4.3a"
| #define STDC_HEADERS 1
| #define HAVE_SYS_TYPES_H 1
| #define HAVE_SYS_STAT_H 1
| #define HAVE_STDLIB_H 1
| #define HAVE_STRING_H 1
| #define HAVE_MEMORY_H 1
| #define HAVE_STRINGS_H 1
| #define HAVE_INTTYPES_H 1
| #define HAVE_STDINT_H 1
| #define HAVE_UNISTD_H 1
| #define HAVE_DLFCN_H 1
| #define LT_OBJDIR ".libs/"
| #define LT_MODULE_EXT ".so"
| #define LT_MODULE_PATH_VAR "LD_LIBRARY_PATH"
| #define LT_DLSEARCH_PATH "/lib:/usr/lib:/usr/lib/digilent/adept:/usr/lib64/digilent/adept:/usr/lib/x86_64-linux-gnu/libfakeroot:/lib/i386-linux-gnu:/usr/lib/i386-linux-gnu:/lib/i686-linux-gnu:/usr/lib/i686-linux-gnu:/usr/local/lib:/lib/x86_64-linux-gnu:/usr/lib/x86_64-linux-gnu:/usr/lib/x86_64-linux-gnu/mesa-egl:/usr/lib/nvidia-340:/usr/lib32/nvidia-340:/usr/lib/x86_64-linux-gnu/mir/clientplatform/mesa:/lib32:/usr/lib32:/libx32:/usr/libx32:/usr/local/easysoft/lib:/usr/local/easysoft/unixODBC/lib:/usr/local/easysoft/isam/lib:/usr/local/easysoft/oob/client"
| #define HAVE_LIBDL 1
| #define HAVE_DLERROR 1
| #define HAVE_LIBDLLOADER 1
| #define HAVE_ARGZ_H 1
| #define HAVE_ERROR_T 1
| #define HAVE_ARGZ_ADD 1
| #define HAVE_ARGZ_APPEND 1
| #define HAVE_ARGZ_COUNT 1
| #define HAVE_ARGZ_CREATE_SEP 1
| #define HAVE_ARGZ_INSERT 1
| #define HAVE_ARGZ_NEXT 1
| #define HAVE_ARGZ_STRINGIFY 1
| #define HAVE_WORKING_ARGZ 1
| #define HAVE_PRELOADED_SYMBOLS 1
| #define HAVE_UNISTD_H 1
| #define HAVE_DIRENT_H 1
| #define HAVE_CLOSEDIR 1
| #define HAVE_OPENDIR 1
| #define HAVE_READDIR 1
| /* end confdefs.h.  */
| /* Define strlcpy to an innocuous variant, in case <limits.h> declares strlcpy.
|    For example, HP-UX 11i <limits.h> declares gettimeofday.  */
| #define strlcpy innocuous_strlcpy
| 
| /* System header to define __stub macros and hopefully few prototypes,
|     which can conflict with char strlcpy (); below.
|     Prefer <limits.h> to <assert.h> if __STDC__ is defined, since
|     <limits.h> exists even on freestanding compilers.  */
| 
| #ifdef __STDC__
| # include <limits.h>
| #else
| # include <assert.h>
| #endif
| 
| #undef strlcpy
| 
| /* Override any GCC internal prototype to avoid an error.
|    Use char because int might match the return type of a GCC
|    builtin and then its argument prototype would still apply.  */
| #ifdef __cplusplus
| extern "C"
| #endif
| char strlcpy ();
| /* The GNU C library defines this for functions which it implements
|     to always fail with ENOSYS.  Some functions are actually named
|     something starting with __ and the normal name is an alias.  */
| #if defined __stub_strlcpy || defined __stub___strlcpy
| choke me
| #endif
| 
| int
| main ()
| {
| return strlcpy ();
|   ;
|   return 0;
| }
configure:13182: result: no
configure:13333: checking that generated files are newer than configure
configure:13339: result: done
configure:13371: creating ./config.status

## ---------------------- ##
## Running config.status. ##
## ---------------------- ##

This file was extended by libltdl config.status 2.4.3a, which was
generated by GNU Autoconf 2.69.  Invocation command line was

  CONFIG_FILES    = 
  CONFIG_HEADERS  = 
  CONFIG_LINKS    = 
  CONFIG_COMMANDS = 
  $ ./config.status 

on hul

config.status:1126: creating Makefile
config.status:1126: creating config.h
config.status:1307: config.h is unchanged
config.status:1355: executing depfiles commands
config.status:1355: executing libtool commands

## ---------------- ##
## Cache variables. ##
## ---------------- ##

ac_cv_build=x86_64-unknown-linux-gnu
ac_cv_c_compiler_gnu=yes
ac_cv_env_CC_set=
ac_cv_env_CC_value=
ac_cv_env_CFLAGS_set=
ac_cv_env_CFLAGS_value=
ac_cv_env_CPPFLAGS_set=
ac_cv_env_CPPFLAGS_value=
ac_cv_env_CPP_set=
ac_cv_env_CPP_value=
ac_cv_env_LDFLAGS_set=
ac_cv_env_LDFLAGS_value=
ac_cv_env_LIBS_set=
ac_cv_env_LIBS_value=
ac_cv_env_LT_SYS_LIBRARY_PATH_set=
ac_cv_env_LT_SYS_LIBRARY_PATH_value=
ac_cv_env_build_alias_set=
ac_cv_env_build_alias_value=
ac_cv_env_host_alias_set=
ac_cv_env_host_alias_value=
ac_cv_env_target_alias_set=
ac_cv_env_target_alias_value=
ac_cv_func_argz_add=yes
ac_cv_func_argz_append=yes
ac_cv_func_argz_count=yes
ac_cv_func_argz_create_sep=yes
ac_cv_func_argz_insert=yes
ac_cv_func_argz_next=yes
ac_cv_func_argz_stringify=yes
ac_cv_func_closedir=yes
ac_cv_func_dlerror=yes
ac_cv_func_dlopen=no
ac_cv_func_opendir=yes
ac_cv_func_readdir=yes
ac_cv_func_shl_load=no
ac_cv_func_strlcat=no
ac_cv_func_strlcpy=no
ac_cv_header_argz_h=yes
ac_cv_header_dirent_h=yes
ac_cv_header_dl_h=no
ac_cv_header_dld_h=no
ac_cv_header_dlfcn_h=yes
ac_cv_header_inttypes_h=yes
ac_cv_header_mach_o_dyld_h=no
ac_cv_header_memory_h=yes
ac_cv_header_stdc=yes
ac_cv_header_stdint_h=yes
ac_cv_header_stdlib_h=yes
ac_cv_header_string_h=yes
ac_cv_header_strings_h=yes
ac_cv_header_sys_dl_h=no
ac_cv_header_sys_stat_h=yes
ac_cv_header_sys_types_h=yes
ac_cv_header_unistd_h=yes
ac_cv_host=x86_64-unknown-linux-gnu
ac_cv_lib_dl_dlopen=yes
ac_cv_lib_dld_dld_link=no
ac_cv_lib_dld_shl_load=no
ac_cv_objext=o
ac_cv_path_EGREP='/bin/grep -E'
ac_cv_path_FGREP='/bin/grep -F'
ac_cv_path_GREP=/bin/grep
ac_cv_path_SED=/bin/sed
ac_cv_path_install='/usr/bin/install -c'
ac_cv_path_lt_DD=/bin/dd
ac_cv_path_mkdir=/bin/mkdir
ac_cv_prog_AWK=gawk
ac_cv_prog_CPP='gcc -E'
ac_cv_prog_ac_ct_AR=ar
ac_cv_prog_ac_ct_CC=gcc
ac_cv_prog_ac_ct_MANIFEST_TOOL=mt
ac_cv_prog_ac_ct_OBJDUMP=objdump
ac_cv_prog_ac_ct_RANLIB=ranlib
ac_cv_prog_ac_ct_STRIP=strip
ac_cv_prog_cc_c89=
ac_cv_prog_cc_g=yes
ac_cv_prog_make_make_set=yes
ac_cv_search_dlopen=-ldl
ac_cv_type_error_t=yes
am_cv_CC_dependencies_compiler_type=gcc3
am_cv_make_support_nested_variables=yes
am_cv_prog_cc_c_o=yes
libltdl_cv_lib_dl_dlopen=yes
libltdl_cv_preloaded_symbols=yes
libltdl_cv_shlibext=.so
libltdl_cv_shrext=.so
lt_cv_ar_at_file=@
lt_cv_archive_cmds_need_lc=no
lt_cv_deplibs_check_method=pass_all
lt_cv_dlopen=dlopen
lt_cv_dlopen_libs=-ldl
lt_cv_dlopen_self=yes
lt_cv_dlopen_self_static=no
lt_cv_file_magic_cmd='$MAGIC_CMD'
lt_cv_file_magic_test_file=
lt_cv_ld_reload_flag=-r
lt_cv_module_path_var=LD_LIBRARY_PATH
lt_cv_nm_interface='BSD nm'
lt_cv_objdir=.libs
lt_cv_path_LD=/usr/bin/ld
lt_cv_path_NM='/usr/bin/nm -B'
lt_cv_path_mainfest_tool=no
lt_cv_prog_compiler_c_o=yes
lt_cv_prog_compiler_pic='-fPIC -DPIC'
lt_cv_prog_compiler_pic_works=yes
lt_cv_prog_compiler_rtti_exceptions=no
lt_cv_prog_compiler_static_works=yes
lt_cv_prog_gnu_ld=yes
lt_cv_sharedlib_from_linklib_cmd='printf %s\n'
lt_cv_shlibpath_overrides_runpath=no
lt_cv_sys_argz_works=yes
lt_cv_sys_dlopen_deplibs=yes
lt_cv_sys_dlsearch_path='/lib /usr/lib /usr/lib/digilent/adept  /usr/lib64/digilent/adept  /usr/lib/x86_64-linux-gnu/libfakeroot /lib/i386-linux-gnu /usr/lib/i386-linux-gnu /lib/i686-linux-gnu /usr/lib/i686-linux-gnu /usr/local/lib /lib/x86_64-linux-gnu /usr/lib/x86_64-linux-gnu /usr/lib/x86_64-linux-gnu/mesa-egl /usr/lib/nvidia-340 /usr/lib32/nvidia-340 /usr/lib/x86_64-linux-gnu/mir/clientplatform/mesa /lib32 /usr/lib32 /libx32 /usr/libx32 /usr/local/easysoft/lib /usr/local/easysoft/unixODBC/lib /usr/local/easysoft/isam/lib /usr/local/easysoft/oob/client '
lt_cv_sys_global_symbol_pipe='sed -n -e '\''s/^.*[	 ]\([ABCDGIRSTW][ABCDGIRSTW]*\)[	 ][	 ]*\([_A-Za-z][_A-Za-z0-9]*\)$/\1 \2 \2/p'\'' | sed '\''/ __gnu_lto/d'\'''
lt_cv_sys_global_symbol_to_c_name_address='sed -n -e '\''s/^: \(.*\) .*$/  {"\1", (void *) 0},/p'\'' -e '\''s/^[ABCDGIRSTW][ABCDGIRSTW]* .* \(.*\)$/  {"\1", (void *) \&\1},/p'\'''
lt_cv_sys_global_symbol_to_c_name_address_lib_prefix='sed -n -e '\''s/^: \(.*\) .*$/  {"\1", (void *) 0},/p'\'' -e '\''s/^[ABCDGIRSTW][ABCDGIRSTW]* .* \(lib.*\)$/  {"\1", (void *) \&\1},/p'\'' -e '\''s/^[ABCDGIRSTW][ABCDGIRSTW]* .* \(.*\)$/  {"lib\1", (void *) \&\1},/p'\'''
lt_cv_sys_global_symbol_to_cdecl='sed -n -e '\''s/^T .* \(.*\)$/extern int \1();/p'\'' -e '\''s/^[ABCDGIRSTW][ABCDGIRSTW]* .* \(.*\)$/extern char \1;/p'\'''
lt_cv_sys_global_symbol_to_import=
lt_cv_sys_max_cmd_len=1572864
lt_cv_sys_symbol_underscore=no
lt_cv_to_host_file_cmd=func_convert_file_noop
lt_cv_to_tool_file_cmd=func_convert_file_noop
lt_cv_truncate_bin='/bin/dd bs=4096 count=1'

## ----------------- ##
## Output variables. ##
## ----------------- ##

ACLOCAL='${SHELL} /home/nick/unixodbc-git1/unixODBC/missing aclocal-1.15'
AMDEPBACKSLASH='\'
AMDEP_FALSE='#'
AMDEP_TRUE=''
AMTAR='$${TAR-tar}'
AM_BACKSLASH='\'
AM_DEFAULT_V='$(AM_DEFAULT_VERBOSITY)'
AM_DEFAULT_VERBOSITY='0'
AM_V='$(V)'
AR='ar'
AS='as'
AUTOCONF='${SHELL} /home/nick/unixodbc-git1/unixODBC/missing autoconf'
AUTOHEADER='${SHELL} /home/nick/unixodbc-git1/unixODBC/missing autoheader'
AUTOMAKE='${SHELL} /home/nick/unixodbc-git1/unixODBC/missing automake-1.15'
AWK='gawk'
CC='gcc'
CCDEPMODE='depmode=gcc3'
CFLAGS='-g -O2'
CONVENIENCE_LTDL_FALSE='#'
CONVENIENCE_LTDL_TRUE=''
CPP='gcc -E'
CPPFLAGS=''
CYGPATH_W='echo'
DEFS='-DHAVE_CONFIG_H'
DEPDIR='.deps'
DLLTOOL='false'
DSYMUTIL=''
DUMPBIN=''
ECHO_C=''
ECHO_N='-n'
ECHO_T=''
EGREP='/bin/grep -E'
EXEEXT=''
FGREP='/bin/grep -F'
GREP='/bin/grep'
INSTALL_DATA='${INSTALL} -m 644'
INSTALL_LTDL_FALSE=''
INSTALL_LTDL_TRUE='#'
INSTALL_PROGRAM='${INSTALL}'
INSTALL_SCRIPT='${INSTALL}'
INSTALL_STRIP_PROGRAM='$(install_sh) -c -s'
LD='/usr/bin/ld -m elf_x86_64'
LDFLAGS=''
LIBADD_DL='-ldl '
LIBADD_DLD_LINK=''
LIBADD_DLOPEN='-ldl'
LIBADD_SHL_LOAD=''
LIBOBJS=' ${LIBOBJDIR}lt__strl$U.o'
LIBS=''
LIBTOOL='$(SHELL) $(top_builddir)/libtool'
LIPO=''
LN_S='ln -s'
LTDLOPEN='libltdl'
LTLIBOBJS=' ${LIBOBJDIR}lt__strl$U.lo'
LT_ARGZ_H=''
LT_CONFIG_H='config.h'
LT_DLLOADERS=' dlopen.la'
LT_DLPREOPEN='-dlpreopen dlopen.la '
LT_SYS_LIBRARY_PATH=''
MAKEINFO='${SHELL} /home/nick/unixodbc-git1/unixODBC/missing makeinfo'
MANIFEST_TOOL=':'
MKDIR_P='/bin/mkdir -p'
NM='/usr/bin/nm -B'
NMEDIT=''
OBJDUMP='objdump'
OBJEXT='o'
OTOOL64=''
OTOOL=''
PACKAGE='libltdl'
PACKAGE_BUGREPORT='bug-libtool@gnu.org'
PACKAGE_NAME='libltdl'
PACKAGE_STRING='libltdl 2.4.3a'
PACKAGE_TARNAME='libltdl'
PACKAGE_URL=''
PACKAGE_VERSION='2.4.3a'
PATH_SEPARATOR=':'
RANLIB='ranlib'
SED='/bin/sed'
SET_MAKE=''
SHELL='/bin/bash'
STRIP='strip'
VERSION='2.4.3a'
ac_ct_AR='ar'
ac_ct_CC='gcc'
ac_ct_DUMPBIN=''
am__EXEEXT_FALSE=''
am__EXEEXT_TRUE='#'
am__fastdepCC_FALSE='#'
am__fastdepCC_TRUE=''
am__include='include'
am__isrc=''
am__leading_dot='.'
am__nodep='_no'
am__quote=''
am__tar='$${TAR-tar} chof - "$$tardir"'
am__untar='$${TAR-tar} xf -'
bindir='${exec_prefix}/bin'
build='x86_64-unknown-linux-gnu'
build_alias=''
build_cpu='x86_64'
build_os='linux-gnu'
build_vendor='unknown'
datadir='${datarootdir}'
datarootdir='${prefix}/share'
docdir='${datarootdir}/doc/${PACKAGE_TARNAME}'
dvidir='${docdir}'
exec_prefix='${prefix}'
host='x86_64-unknown-linux-gnu'
host_alias=''
host_cpu='x86_64'
host_os='linux-gnu'
host_vendor='unknown'
htmldir='${docdir}'
includedir='${prefix}/include'
infodir='${datarootdir}/info'
install_sh='${SHELL} /home/nick/unixodbc-git1/unixODBC/install-sh'
libdir='${exec_prefix}/lib'
libexecdir='${exec_prefix}/libexec'
localedir='${datarootdir}/locale'
localstatedir='${prefix}/var'
mandir='${datarootdir}/man'
mkdir_p='$(MKDIR_P)'
oldincludedir='/usr/include'
pdfdir='${docdir}'
prefix='/usr/local'
program_transform_name='s,x,x,'
psdir='${docdir}'
sbindir='${exec_prefix}/sbin'
sharedstatedir='${prefix}/com'
sys_symbol_underscore='no'
sysconfdir='${prefix}/etc'
target_alias=''

## ----------- ##
## confdefs.h. ##
## ----------- ##

/* confdefs.h */
#define PACKAGE_NAME "libltdl"
#define PACKAGE_TARNAME "libltdl"
#define PACKAGE_VERSION "2.4.3a"
#define PACKAGE_STRING "libltdl 2.4.3a"
#define PACKAGE_BUGREPORT "bug-libtool@gnu.org"
#define PACKAGE_URL ""
#define PACKAGE "libltdl"
#define VERSION "2.4.3a"
#define STDC_HEADERS 1
#define HAVE_SYS_TYPES_H 1
#define HAVE_SYS_STAT_H 1
#define HAVE_STDLIB_H 1
#define HAVE_STRING_H 1
#define HAVE_MEMORY_H 1
#define HAVE_STRINGS_H 1
#define HAVE_INTTYPES_H 1
#define HAVE_STDINT_H 1
#define HAVE_UNISTD_H 1
#define HAVE_DLFCN_H 1
#define LT_OBJDIR ".libs/"
#define LT_MODULE_EXT ".so"
#define LT_MODULE_PATH_VAR "LD_LIBRARY_PATH"
#define LT_DLSEARCH_PATH "/lib:/usr/lib:/usr/lib/digilent/adept:/usr/lib64/digilent/adept:/usr/lib/x86_64-linux-gnu/libfakeroot:/lib/i386-linux-gnu:/usr/lib/i386-linux-gnu:/lib/i686-linux-gnu:/usr/lib/i686-linux-gnu:/usr/local/lib:/lib/x86_64-linux-gnu:/usr/lib/x86_64-linux-gnu:/usr/lib/x86_64-linux-gnu/mesa-egl:/usr/lib/nvidia-340:/usr/lib32/nvidia-340:/usr/lib/x86_64-linux-gnu/mir/clientplatform/mesa:/lib32:/usr/lib32:/libx32:/usr/libx32:/usr/local/easysoft/lib:/usr/local/easysoft/unixODBC/lib:/usr/local/easysoft/isam/lib:/usr/local/easysoft/oob/client"
#define HAVE_LIBDL 1
#define HAVE_DLERROR 1
#define HAVE_LIBDLLOADER 1
#define HAVE_ARGZ_H 1
#define HAVE_ERROR_T 1
#define HAVE_ARGZ_ADD 1
#define HAVE_ARGZ_APPEND 1
#define HAVE_ARGZ_COUNT 1
#define HAVE_ARGZ_CREATE_SEP 1
#define HAVE_ARGZ_INSERT 1
#define HAVE_ARGZ_NEXT 1
#define HAVE_ARGZ_STRINGIFY 1
#define HAVE_WORKING_ARGZ 1
#define HAVE_PRELOADED_SYMBOLS 1
#define HAVE_UNISTD_H 1
#define HAVE_DIRENT_H 1
#define HAVE_CLOSEDIR 1
#define HAVE_OPENDIR 1
#define HAVE_READDIR 1
#define LT_LIBEXT "a"
#define LT_LIBPREFIX "lib"

configure: exit 0
